
Start-Date: 2018-11-01  02:19:40
Commandline: apt-get install linux-image-4.15.0-38-generic
Install: os-prober:amd64 (1.74ubuntu1, automatic), grub-common:amd64 (2.02-2ubuntu8.7, automatic), grub2-common:amd64 (2.02-2ubuntu8.7, automatic), linux-modules-4.15.0-38-generic:amd64 (4.15.0-38.41, automatic), grub-pc:amd64 (2.02-2ubuntu8.7, automatic), grub-pc-bin:amd64 (2.02-2ubuntu8.7, automatic), grub-gfxpayload-lists:amd64 (0.7, automatic), libfuse2:amd64 (2.9.7-1ubuntu1, automatic), linux-image-4.15.0-38-generic:amd64 (4.15.0-38.41), libfreetype6:amd64 (2.8.1-2ubuntu2, automatic), gettext-base:amd64 (0.19.8.1-6, automatic), libpng16-16:amd64 (1.6.34-1ubuntu0.18.04.1, automatic)
End-Date: 2018-11-01  02:19:59

Start-Date: 2018-11-01  02:40:36
Commandline: apt-get install plymouth-themes plymouth-label
Install: libxdmcp6:amd64 (1:1.1.2-3, automatic), libpangoft2-1.0-0:amd64 (1.40.14-1ubuntu0.1, automatic), plymouth-themes:amd64 (0.9.3-1ubuntu7.18.04.1), libpixman-1-0:amd64 (0.34.0-2, automatic), libxrender1:amd64 (1:0.9.10-1, automatic), plymouth-label:amd64 (0.9.3-1ubuntu7.18.04.1), libthai-data:amd64 (0.1.27-2, automatic), libxcb-shm0:amd64 (1.13-1, automatic), libxcb-render0:amd64 (1.13-1, automatic), fontconfig-config:amd64 (2.12.6-0ubuntu2, automatic), libx11-6:amd64 (2:1.6.4-3ubuntu0.1, automatic), libplymouth4:amd64 (0.9.3-1ubuntu7.18.04.1, automatic), fonts-ubuntu:amd64 (0.83-2, automatic), fontconfig:amd64 (2.12.6-0ubuntu2, automatic), libxau6:amd64 (1:1.0.8-1, automatic), libpangocairo-1.0-0:amd64 (1.40.14-1ubuntu0.1, automatic), libxcb1:amd64 (1.13-1, automatic), fonts-dejavu-core:amd64 (2.37-1, automatic), libdrm2:amd64 (2.4.91-2, automatic), libthai0:amd64 (0.1.27-2, automatic), libfontconfig1:amd64 (2.12.6-0ubuntu2, automatic), libx11-data:amd64 (2:1.6.4-3ubuntu0.1, automatic), libgraphite2-3:amd64 (1.3.11-2, automatic), plymouth:amd64 (0.9.3-1ubuntu7.18.04.1, automatic), multiarch-support:amd64 (2.27-3ubuntu1, automatic), libharfbuzz0b:amd64 (1.7.2-1ubuntu1, automatic), libcairo2:amd64 (1.15.10-2, automatic), libpango-1.0-0:amd64 (1.40.14-1ubuntu0.1, automatic), libxext6:amd64 (2:1.3.3-1, automatic), libdatrie1:amd64 (0.2.10-7, automatic), libdrm-common:amd64 (2.4.91-2, automatic)
End-Date: 2018-11-01  02:41:04

Start-Date: 2018-11-01  02:42:55
Commandline: apt-get install squashfs-tools
Install: squashfs-tools:amd64 (1:4.3-6ubuntu0.18.04.1), liblzo2-2:amd64 (2.08-1.2, automatic)
End-Date: 2018-11-01  02:42:55

Start-Date: 2018-11-01  02:43:49
Commandline: apt-get install hwinfo
Install: libhd21:amd64 (21.52-1, automatic), hwinfo:amd64 (21.52-1), libx86emu1:amd64 (1.12-1, automatic)
End-Date: 2018-11-01  02:43:49

Start-Date: 2018-11-01  02:47:04
Commandline: apt-get install casper lupin-casper
Install: libgssapi3-heimdal:amd64 (7.5.0+dfsg-1, automatic), iso-codes:amd64 (3.79-1, automatic), libldb1:amd64 (2:1.2.3-1, automatic), python-tdb:amd64 (1.3.15-2, automatic), libkrb5-3:amd64 (1.16-2build1, automatic), libgssapi-krb5-2:amd64 (1.16-2build1, automatic), libcups2:amd64 (2.2.7-1ubuntu2.1, automatic), libwind0-heimdal:amd64 (7.5.0+dfsg-1, automatic), uuid-runtime:amd64 (2.31.1-0.4ubuntu3.2, automatic), python-samba:amd64 (2:4.7.6+dfsg~ubuntu-0ubuntu2.2, automatic), libsasl2-modules-db:amd64 (2.1.27~101-g0780600+dfsg-3ubuntu2, automatic), libldap-2.4-2:amd64 (2.4.45+dfsg-1ubuntu1, automatic), libwbclient0:amd64 (2:4.7.6+dfsg~ubuntu-0ubuntu2.2, automatic), libheimntlm0-heimdal:amd64 (7.5.0+dfsg-1, automatic), python2.7-minimal:amd64 (2.7.15~rc1-1, automatic), casper:amd64 (1.394), lupin-casper:amd64 (0.57build1), libavahi-common-data:amd64 (0.7-3.1ubuntu1.1, automatic), libavahi-common3:amd64 (0.7-3.1ubuntu1.1, automatic), libpython2.7:amd64 (2.7.15~rc1-1, automatic), python2.7:amd64 (2.7.15~rc1-1, automatic), libheimbase1-heimdal:amd64 (7.5.0+dfsg-1, automatic), libk5crypto3:amd64 (1.16-2build1, automatic), libsasl2-2:amd64 (2.1.27~101-g0780600+dfsg-3ubuntu2, automatic), python:amd64 (2.7.15~rc1-1, automatic), cifs-utils:amd64 (2:6.8-1, automatic), libtalloc2:amd64 (2.1.10-2ubuntu1, automatic), python-talloc:amd64 (2.1.10-2ubuntu1, automatic), krb5-locales:amd64 (1.16-2build1, automatic), localechooser-data:amd64 (2.71ubuntu3, automatic), samba-libs:amd64 (2:4.7.6+dfsg~ubuntu-0ubuntu2.2, automatic), python-crypto:amd64 (2.6.1-8ubuntu2, automatic), libpython-stdlib:amd64 (2.7.15~rc1-1, automatic), user-setup:amd64 (1.63ubuntu5, automatic), libsasl2-modules:amd64 (2.1.27~101-g0780600+dfsg-3ubuntu2, automatic), libkrb5support0:amd64 (1.16-2build1, automatic), samba-common:amd64 (2:4.7.6+dfsg~ubuntu-0ubuntu2.2, automatic), libldap-common:amd64 (2.4.45+dfsg-1ubuntu1, automatic), libhcrypto4-heimdal:amd64 (7.5.0+dfsg-1, automatic), libkeyutils1:amd64 (1.5.9-9.2ubuntu2, automatic), samba-common-bin:amd64 (2:4.7.6+dfsg~ubuntu-0ubuntu2.2, automatic), libtdb1:amd64 (1.3.15-2, automatic), libpython2.7-minimal:amd64 (2.7.15~rc1-1, automatic), libroken18-heimdal:amd64 (7.5.0+dfsg-1, automatic), libasn1-8-heimdal:amd64 (7.5.0+dfsg-1, automatic), libkrb5-26-heimdal:amd64 (7.5.0+dfsg-1, automatic), python-ldb:amd64 (2:1.2.3-1, automatic), libjansson4:amd64 (2.11-1, automatic), libpython2.7-stdlib:amd64 (2.7.15~rc1-1, automatic), libavahi-client3:amd64 (0.7-3.1ubuntu1.1, automatic), libhx509-5-heimdal:amd64 (7.5.0+dfsg-1, automatic), libtevent0:amd64 (0.9.34-1, automatic), python-minimal:amd64 (2.7.15~rc1-1, automatic)
End-Date: 2018-11-01  02:47:52

Start-Date: 2018-11-01  03:53:19
Commandline: apt-get install libparted-dev
Install: libpcre16-3:amd64 (2:8.39-9, automatic), manpages:amd64 (4.15-1, automatic), libdevmapper-dev:amd64 (2:1.02.145-4.1ubuntu3, automatic), libpcre3-dev:amd64 (2:8.39-9, automatic), linux-libc-dev:amd64 (4.15.0-38.41, automatic), libc6-dev:amd64 (2.27-3ubuntu1, automatic), libparted2:amd64 (3.2-20, automatic), libdevmapper-event1.02.1:amd64 (2:1.02.145-4.1ubuntu3, automatic), libselinux1-dev:amd64 (2.7-2build2, automatic), libpcre32-3:amd64 (2:8.39-9, automatic), libparted-fs-resize0:amd64 (3.2-20, automatic), libudev-dev:amd64 (237-3ubuntu10.3, automatic), libparted-dev:amd64 (3.2-20), libsepol1-dev:amd64 (2.7-1, automatic), uuid-dev:amd64 (2.31.1-0.4ubuntu3.2, automatic), manpages-dev:amd64 (4.15-1, automatic), libc-dev-bin:amd64 (2.27-3ubuntu1, automatic), libpcrecpp0v5:amd64 (2:8.39-9, automatic), libblkid-dev:amd64 (2.31.1-0.4ubuntu3.2, automatic)
Upgrade: udev:amd64 (237-3ubuntu10, 237-3ubuntu10.3), libudev1:amd64 (237-3ubuntu10, 237-3ubuntu10.3), libblkid1:amd64 (2.31.1-0.4ubuntu3, 2.31.1-0.4ubuntu3.2), libuuid1:amd64 (2.31.1-0.4ubuntu3, 2.31.1-0.4ubuntu3.2)
End-Date: 2018-11-01  03:53:30

Start-Date: 2018-11-01  05:51:46
Commandline: apt-get install dmidecode
Install: dmidecode:amd64 (3.1-1)
End-Date: 2018-11-01  05:51:49

Start-Date: 2018-11-01  06:47:29
Commandline: apt-get install ubuntu-standard casper lupin-casper
Install: info:amd64 (6.5.0.dfsg.1-2, automatic), libpolkit-gobject-1-0:amd64 (0.105-20ubuntu0.18.04.1, automatic), python3-distro-info:amd64 (0.18, automatic), libusb-1.0-0:amd64 (2:1.0.21-2, automatic), fuse:amd64 (2.9.7-1ubuntu1, automatic), dosfstools:amd64 (4.1-1, automatic), mtr-tiny:amd64 (0.92-1, automatic), libisccfg160:amd64 (1:9.11.3+dfsg-1ubuntu1.2, automatic), irqbalance:amd64 (1.3.0-0.1, automatic), update-manager-core:amd64 (1:18.04.11.6, automatic), publicsuffix:amd64 (20180223.1310-1, automatic), ureadahead:amd64 (0.100.0-20, automatic), iptables:amd64 (1.6.1-2ubuntu2, automatic), ed:amd64 (1.10-2.1, automatic), friendly-recovery:amd64 (0.2.38ubuntu1, automatic), strace:amd64 (4.21-1ubuntu1, automatic), ntfs-3g:amd64 (1:2017.3.23-2, automatic), libpsl5:amd64 (0.19.1-5build1, automatic), tcpdump:amd64 (4.9.2-3, automatic), libirs160:amd64 (1:9.11.3+dfsg-1ubuntu1.2, automatic), bsdmainutils:amd64 (11.1.2ubuntu1, automatic), bind9-host:amd64 (1:9.11.3+dfsg-1ubuntu1.2, automatic), language-selector-common:amd64 (0.188.1, automatic), lshw:amd64 (02.18-0.1ubuntu6.18.04.1, automatic), lsof:amd64 (4.89+dfsg-0.1, automatic), powermgmt-base:amd64 (1.33, automatic), dnsutils:amd64 (1:9.11.3+dfsg-1ubuntu1.2, automatic), geoip-database:amd64 (20180315-1, automatic), ubuntu-standard:amd64 (1.417), nano:amd64 (2.9.3-2, automatic), ftp:amd64 (0.17-34, automatic), libnuma1:amd64 (2.0.11-2.1, automatic), python-apt-common:amd64 (1.6.3, automatic), iputils-tracepath:amd64 (3:20161105-1ubuntu2, automatic), libisc169:amd64 (1:9.11.3+dfsg-1ubuntu1.2, automatic), libip6tc0:amd64 (1.6.1-2ubuntu2, automatic), popularity-contest:amd64 (1.66ubuntu1, automatic), plymouth-theme-ubuntu-text:amd64 (0.9.3-1ubuntu7.18.04.1, automatic), libpipeline1:amd64 (1.5.0-1, automatic), command-not-found-data:amd64 (18.04.5, automatic), libiptc0:amd64 (1.6.1-2ubuntu2, automatic), libnfnetlink0:amd64 (1.0.1-3, automatic), groff-base:amd64 (1.22.3-10, automatic), busybox-static:amd64 (1:1.27.2-2ubuntu3, automatic), python3-distupgrade:amd64 (1:18.04.27, automatic), man-db:amd64 (2.8.3-2ubuntu0.1, automatic), libgeoip1:amd64 (1.6.12-1, automatic), python3-commandnotfound:amd64 (18.04.5, automatic), psmisc:amd64 (23.1-1, automatic), python3-update-manager:amd64 (1:18.04.11.6, automatic), ubuntu-release-upgrader-core:amd64 (1:18.04.27, automatic), libnih1:amd64 (1.0.3-6ubuntu2, automatic), libgdbm5:amd64 (1.14.1-6, automatic), liblwres160:amd64 (1:9.11.3+dfsg-1ubuntu1.2, automatic), libntfs-3g88:amd64 (1:2017.3.23-2, automatic), ufw:amd64 (0.35-5, automatic), libxmuu1:amd64 (2:1.1.2-2, automatic), libnetfilter-conntrack3:amd64 (1.0.6-2, automatic), parted:amd64 (3.2-20, automatic), mlocate:amd64 (0.26-2ubuntu3.1, automatic), openssh-client:amd64 (1:7.6p1-4, automatic), time:amd64 (1.7-25.1build1, automatic), usbutils:amd64 (1:007-4build1, automatic), libunwind8:amd64 (1.2.1-8, automatic), ltrace:amd64 (0.7.3-6ubuntu1, automatic), pciutils:amd64 (1:3.5.2-1ubuntu1, automatic), libedit2:amd64 (3.1-20170329-1, automatic), libpcap0.8:amd64 (1.8.1-6ubuntu1, automatic), rsync:amd64 (3.1.2-2.1ubuntu1, automatic), xauth:amd64 (1:1.0.10-1, automatic), apparmor:amd64 (2.12-4ubuntu5.1, automatic), command-not-found:amd64 (18.04.5, automatic), libisccc160:amd64 (1:9.11.3+dfsg-1ubuntu1.2, automatic), wget:amd64 (1.19.4-1ubuntu2.1, automatic), telnet:amd64 (0.17-41, automatic), libbind9-160:amd64 (1:9.11.3+dfsg-1ubuntu1.2, automatic), accountsservice:amd64 (0.6.45-1ubuntu1, automatic), libpci3:amd64 (1:3.5.2-1ubuntu1, automatic), libdns1100:amd64 (1:9.11.3+dfsg-1ubuntu1.2, automatic), python3-gdbm:amd64 (3.6.5-3, automatic), install-info:amd64 (6.5.0.dfsg.1-2, automatic), python3-apt:amd64 (1.6.3, automatic), libaccountsservice0:amd64 (0.6.45-1ubuntu1, automatic), hdparm:amd64 (9.54+ds-1, automatic), libssl1.0.0:amd64 (1.0.2n-1ubuntu5.1, automatic), bash-completion:amd64 (1:2.8-1ubuntu1, automatic)
Upgrade: libapt-inst2.0:amd64 (1.6.1, 1.6.6), apt:amd64 (1.6.1, 1.6.6), libapt-pkg5.0:amd64 (1.6.1, 1.6.6), apt-utils:amd64 (1.6.1, 1.6.6)
End-Date: 2018-11-01  06:48:20

Start-Date: 2018-11-01  06:48:38
Commandline: apt-get install discover laptop-detect os-prober
Install: libdiscover2:amd64 (2.1.2-8, automatic), laptop-detect:amd64 (0.16), discover-data:amd64 (2.2013.01.11, automatic), libusb-0.1-4:amd64 (2:0.1.12-31, automatic), discover:amd64 (2.1.2-8)
End-Date: 2018-11-01  06:48:39

Start-Date: 2018-11-01  06:54:44
Commandline: apt-get install v86d hwinfo
Install: v86d:amd64 (0.1.10-1build1), libx86-1:amd64 (1.1+ds1-10.2, automatic)
End-Date: 2018-11-01  06:54:50

Start-Date: 2018-11-01  07:10:25
Commandline: apt-get install plymouth-theme-xubuntu-logo
Install: plymouth-theme-xubuntu-logo:amd64 (18.04.5)
End-Date: 2018-11-01  07:10:42

Start-Date: 2020-05-19  03:30:56
Commandline: apt install vim
Install: libpython3.6:amd64 (3.6.9-1~18.04ubuntu1, automatic), vim-runtime:amd64 (2:8.0.1453-1ubuntu1.3, automatic), vim:amd64 (2:8.0.1453-1ubuntu1.3), libgpm2:amd64 (1.20.7-5, automatic)
Upgrade: libpython3.6-minimal:amd64 (3.6.5-3, 3.6.9-1~18.04ubuntu1), vim-common:amd64 (2:8.0.1453-1ubuntu1, 2:8.0.1453-1ubuntu1.3), libpython3.6-stdlib:amd64 (3.6.5-3, 3.6.9-1~18.04ubuntu1), python3.6:amd64 (3.6.5-3, 3.6.9-1~18.04ubuntu1), python3.6-minimal:amd64 (3.6.5-3, 3.6.9-1~18.04ubuntu1), vim-tiny:amd64 (2:8.0.1453-1ubuntu1, 2:8.0.1453-1ubuntu1.3), libssl1.1:amd64 (1.1.0g-2ubuntu4, 1.1.1-1ubuntu2.1~18.04.5)
End-Date: 2020-05-19  03:31:17

Start-Date: 2020-06-17  09:49:16
Commandline: apt install efibootmgr
Install: libefivar1:amd64 (34-1, automatic), efibootmgr:amd64 (15-1), libefiboot1:amd64 (34-1, automatic)
End-Date: 2020-06-17  09:49:20

Start-Date: 2020-06-18  02:41:07
Commandline: apt install grub-efi grub-efi-amd64 grub-efi-amd64-signed -y
Install: grub-efi:amd64 (2.02-2ubuntu8.15), sbsigntool:amd64 (0.6-3.2ubuntu2, automatic), grub-efi-amd64-bin:amd64 (2.02-2ubuntu8.15, automatic), grub-efi-amd64:amd64 (2.02-2ubuntu8.15), grub-efi-amd64-signed:amd64 (1.93.16+2.02-2ubuntu8.15), secureboot-db:amd64 (1.4~ubuntu0.18.04.1, automatic)
Upgrade: grub-common:amd64 (2.02-2ubuntu8.7, 2.02-2ubuntu8.15), grub2-common:amd64 (2.02-2ubuntu8.7, 2.02-2ubuntu8.15), grub-pc-bin:amd64 (2.02-2ubuntu8.7, 2.02-2ubuntu8.15)
Remove: grub-pc:amd64 (2.02-2ubuntu8.7), grub-gfxpayload-lists:amd64 (0.7)
Error: Sub-process /usr/bin/dpkg returned an error code (1)
End-Date: 2020-06-18  02:45:34

Start-Date: 2020-06-18  02:45:43
Commandline: apt install grub-efi grub-efi-amd64 grub-efi-amd64-signed -y
Error: Sub-process /usr/bin/dpkg returned an error code (1)
End-Date: 2020-06-18  02:45:43

Start-Date: 2020-06-18  02:45:50
Commandline: apt install grub-efi grub-efi-amd64 grub-efi-amd64-signed -y
Error: Sub-process /usr/bin/dpkg returned an error code (1)
End-Date: 2020-06-18  02:45:50

Start-Date: 2020-06-18  02:46:01
Commandline: apt autoremove
Remove: grub-pc-bin:amd64 (2.02-2ubuntu8.15)
Error: Sub-process /usr/bin/dpkg returned an error code (1)
End-Date: 2020-06-18  02:46:02

Start-Date: 2020-06-18  02:46:11
Commandline: apt remove grub-efi grub-efi-amd64 grub-efi-amd64-signed -y
Remove: grub-efi:amd64 (2.02-2ubuntu8.15), grub-efi-amd64:amd64 (2.02-2ubuntu8.15), grub-efi-amd64-signed:amd64 (1.93.16+2.02-2ubuntu8.15)
End-Date: 2020-06-18  02:46:13

Start-Date: 2020-06-18  02:46:26
Commandline: apt autoremove
Remove: grub2-common:amd64 (2.02-2ubuntu8.15), sbsigntool:amd64 (0.6-3.2ubuntu2), grub-efi-amd64-bin:amd64 (2.02-2ubuntu8.15), secureboot-db:amd64 (1.4~ubuntu0.18.04.1)
End-Date: 2020-06-18  02:46:30

Start-Date: 2020-06-18  02:47:02
Commandline: apt install grub-efi grub-efi-amd64 grub-efi-amd64-signed -y
Install: grub-efi:amd64 (2.02-2ubuntu8.15), grub2-common:amd64 (2.02-2ubuntu8.15, automatic), sbsigntool:amd64 (0.6-3.2ubuntu2, automatic), grub-efi-amd64-bin:amd64 (2.02-2ubuntu8.15, automatic), grub-efi-amd64:amd64 (2.02-2ubuntu8.15), grub-efi-amd64-signed:amd64 (1.93.16+2.02-2ubuntu8.15), secureboot-db:amd64 (1.4~ubuntu0.18.04.1, automatic)
Error: Sub-process /usr/bin/dpkg returned an error code (1)
End-Date: 2020-06-18  02:47:08

Start-Date: 2020-06-18  02:47:57
Commandline: apt install grub-pc
Install: grub-pc:amd64 (2.02-2ubuntu8.15), grub-pc-bin:amd64 (2.02-2ubuntu8.15, automatic), grub-gfxpayload-lists:amd64 (0.7, automatic)
Remove: grub-efi:amd64 (2.02-2ubuntu8.15), grub-efi-amd64:amd64 (2.02-2ubuntu8.15)
Error: Sub-process /usr/bin/dpkg returned an error code (1)
End-Date: 2020-06-18  02:48:21

Start-Date: 2020-06-18  02:48:27
Commandline: apt install grub-efi grub-efi-amd64 grub-efi-amd64-signed -y
Install: grub-efi:amd64 (2.02-2ubuntu8.15), grub-efi-amd64:amd64 (2.02-2ubuntu8.15)
Remove: grub-pc:amd64 (2.02-2ubuntu8.15), grub-gfxpayload-lists:amd64 (0.7)
Error: Sub-process /usr/bin/dpkg returned an error code (1)
End-Date: 2020-06-18  02:48:31

Start-Date: 2020-06-18  02:49:59
Commandline: apt install grub-efi grub-efi-amd64 grub-efi-amd64-signed -y
Error: Sub-process /usr/bin/dpkg returned an error code (1)
End-Date: 2020-06-18  02:49:59

Start-Date: 2020-06-18  02:51:19
Commandline: apt install grub-efi grub-efi-amd64 grub-efi-amd64-signed
Error: Sub-process /usr/bin/dpkg returned an error code (1)
End-Date: 2020-06-18  02:51:20

Start-Date: 2020-06-18  02:51:39
Commandline: apt install grub-pc-bin
Error: Sub-process /usr/bin/dpkg returned an error code (1)
End-Date: 2020-06-18  02:51:40

Start-Date: 2020-06-18  02:51:45
Commandline: apt autoremove
Error: Sub-process /usr/bin/dpkg returned an error code (1)
End-Date: 2020-06-18  02:51:46

Start-Date: 2020-06-18  02:51:48
Commandline: apt autoremove
Error: Sub-process /usr/bin/dpkg returned an error code (1)
End-Date: 2020-06-18  02:51:49

Start-Date: 2020-06-18  02:51:56
Commandline: apt install grub-efi grub-efi-amd64 grub-efi-amd64-signed
Error: Sub-process /usr/bin/dpkg returned an error code (1)
End-Date: 2020-06-18  02:51:56

Start-Date: 2020-06-18  02:52:02
Commandline: apt install grub-pc-bin
Error: Sub-process /usr/bin/dpkg returned an error code (1)
End-Date: 2020-06-18  02:52:03

Start-Date: 2021-04-09  03:46:20
Commandline: apt-get install dmraid
Install: kpartx:amd64 (0.7.4-2ubuntu3, automatic), kpartx-boot:amd64 (0.7.4-2ubuntu3, automatic), libdmraid1.0.0.rc16:amd64 (1.0.0.rc16-8ubuntu1, automatic), dmraid:amd64 (1.0.0.rc16-8ubuntu1)
End-Date: 2021-04-09  03:46:54
